<?xml version="1.0" encoding="UTF-8"?>
<!-- Generated by org.testng.reporters.JUnitReportReporter -->
<testsuite hostname="DESKTOP-FTUJBGL" failures="0" tests="2" name="Sambit.Tests.SubmitOrderTest" time="16.239" errors="0" timestamp="2022-11-20T08:59:26 IST" skipped="0">
  <testcase classname="Sambit.Tests.SubmitOrderTest" name="SubmitOrderTest" time="6.622"/>
  <system-out/>
  <testcase classname="Sambit.Tests.SubmitOrderTest" name="SubmitOrderTest" time="9.617"/>
  <system-out/>
</testsuite> <!-- Sambit.Tests.SubmitOrderTest -->
