<?xml version="1.0" encoding="UTF-8"?>
<!-- Generated by org.testng.reporters.JUnitReportReporter -->
<testsuite hostname="DESKTOP-FTUJBGL" failures="0" tests="1" name="Sambit.Tests.ErrorValidation" time="21.180" errors="0" timestamp="2022-10-12T08:02:28 IST" skipped="0">
  <testcase classname="Sambit.Tests.ErrorValidation" name="submitOrder" time="21.180"/>
  <system-out/>
</testsuite> <!-- Sambit.Tests.ErrorValidation -->
