<?xml version="1.0" encoding="UTF-8"?>
<!-- Generated by org.testng.reporters.JUnitReportReporter -->
<testsuite hostname="DESKTOP-FTUJBGL" failures="0" tests="3" name="Sambit.Tests.SubmitOrderTest" time="24.225" errors="0" timestamp="2022-11-03T08:24:21 IST" skipped="0">
  <testcase classname="Sambit.Tests.SubmitOrderTest" name="SubmitOrderTest" time="5.760"/>
  <system-out/>
  <testcase classname="Sambit.Tests.SubmitOrderTest" name="SubmitOrderTest" time="15.028"/>
  <system-out/>
  <testcase classname="Sambit.Tests.SubmitOrderTest" name="OrderHistoryTest" time="3.437"/>
  <system-out/>
</testsuite> <!-- Sambit.Tests.SubmitOrderTest -->
